<?xml version="1.0" encoding="UTF-8"?>
<!-- Generated by org.testng.reporters.JUnitReportReporter -->
<testsuite hostname="ASHRITH-ACHAR" failures="1" tests="1" name="CucumberOptions.testRunnerFailedScenarios" time="10.523" errors="0" timestamp="2022-11-11T17:21:59 IST" skipped="0">
  <testcase classname="CucumberOptions.testRunnerFailedScenarios" name="runScenario" time="10.523">
    <failure message="expected [Tomato] but found [Brocolli]" type="java.lang.AssertionError">
      <![CDATA[java.lang.AssertionError: expected [Tomato] but found [Brocolli]
at org.testng.Assert.fail(Assert.java:110)
at org.testng.Assert.failNotEquals(Assert.java:1413)
at org.testng.Assert.assertEqualsImpl(Assert.java:149)
at org.testng.Assert.assertEquals(Assert.java:131)
at org.testng.Assert.assertEquals(Assert.java:655)
at org.testng.Assert.assertEquals(Assert.java:665)
at stepDefinitions.offerPageStepDefinition.user_searched_for_same_name_in_the_offers_page_to_check_if_product_exist(offerPageStepDefinition.java:42)
at âœ½.User searched for same name Tom in the offers page to check if product exist(file:///C:/Users/ashri/workspace/CucumberFramework/src/test/java/Features/searchProduct.feature:7)
]]>
    </failure>
  </testcase> <!-- runScenario -->
  <system-out/>
</testsuite> <!-- CucumberOptions.testRunnerFailedScenarios -->
